# Logfile created on 2017-02-02 17:27:27 -0300 by logger.rb/v1.2.7
  INFO ---------------------------------------------------------------------------
  INFO START 2017-02-02 17:27:27 -0300 cap production deploy
  INFO ---------------------------------------------------------------------------
  INFO [49f66222] Running /usr/bin/env mkdir -p /tmp/sins3/ as deployer@192.168.121.159
 DEBUG [49f66222] Command: /usr/bin/env mkdir -p /tmp/sins3/
  INFO ---------------------------------------------------------------------------
  INFO START 2017-02-02 17:31:52 -0300 cap production deploy
  INFO ---------------------------------------------------------------------------
  INFO [5db1517a] Running /usr/bin/env mkdir -p /tmp/sins3/ as deployer@192.168.121.159
 DEBUG [5db1517a] Command: /usr/bin/env mkdir -p /tmp/sins3/
  INFO ---------------------------------------------------------------------------
  INFO START 2017-02-02 17:40:31 -0300 cap production deploy
  INFO ---------------------------------------------------------------------------
  INFO [0bb9a16e] Running /usr/bin/env mkdir -p /tmp/sins3/ as deployer@vagrant
 DEBUG [0bb9a16e] Command: /usr/bin/env mkdir -p /tmp/sins3/
  INFO [0bb9a16e] Finished in 0.080 seconds with exit status 0 (successful).
 DEBUG Uploading /tmp/sins3/git-ssh.sh 0.0%
  INFO Uploading /tmp/sins3/git-ssh.sh 100.0%
  INFO [8417447d] Running /usr/bin/env chmod +rx /tmp/sins3/git-ssh.sh as deployer@vagrant
 DEBUG [8417447d] Command: /usr/bin/env chmod +rx /tmp/sins3/git-ssh.sh
  INFO [8417447d] Finished in 0.008 seconds with exit status 0 (successful).
  INFO [81ab894e] Running /usr/bin/env git ls-remote --heads git@github.com:nico01f/sins3.git as deployer@vagrant
 DEBUG [81ab894e] Command: ( export GIT_ASKPASS="/bin/echo" GIT_SSH="/tmp/sins3/git-ssh.sh" ; /usr/bin/env git ls-remote --heads git@github.com:nico01f/sins3.git )
 DEBUG [81ab894e] 	6b5aa083d039b3f7946d66bc89604bc486b65a3e	refs/heads/autoreload
6ff35d5df2e15933707cd500ebd2620e6e4ca4b9	refs/heads/change_gem_s3
e695e483d4b8c88242e4063fa29752d8db95636b	refs/heads/guard-rack
21aa5729598004e230da8cf325963eca5cea5b60	refs/heads/master
7299c54e0e1cfce94569a3af9f742cabc5c7f518	refs/heads/test_pr
  INFO [81ab894e] Finished in 2.526 seconds with exit status 0 (successful).
  INFO [f41eec0b] Running /usr/bin/env mkdir -p /opt/deployer/apps/shared /opt/deployer/apps/releases as deployer@vagrant
 DEBUG [f41eec0b] Command: /usr/bin/env mkdir -p /opt/deployer/apps/shared /opt/deployer/apps/releases
  INFO [f41eec0b] Finished in 0.006 seconds with exit status 0 (successful).
 DEBUG [98aa6fbe] Running [ -f /opt/deployer/apps/current/REVISION ] as deployer@vagrant
 DEBUG [98aa6fbe] Command: [ -f /opt/deployer/apps/current/REVISION ]
 DEBUG [98aa6fbe] Finished in 0.005 seconds with exit status 1 (failed).
 DEBUG [62840d87] Running [ -f /opt/deployer/apps/repo/HEAD ] as deployer@vagrant
 DEBUG [62840d87] Command: [ -f /opt/deployer/apps/repo/HEAD ]
 DEBUG [62840d87] Finished in 0.005 seconds with exit status 1 (failed).
 DEBUG [b0067fcb] Running if test ! -d /opt/deployer/apps; then echo "Directory does not exist '/opt/deployer/apps'" 1>&2; false; fi as deployer@vagrant
 DEBUG [b0067fcb] Command: if test ! -d /opt/deployer/apps; then echo "Directory does not exist '/opt/deployer/apps'" 1>&2; false; fi
 DEBUG [b0067fcb] Finished in 0.005 seconds with exit status 0 (successful).
  INFO [e9280fc0] Running /usr/bin/env git clone --mirror git@github.com:nico01f/sins3.git /opt/deployer/apps/repo as deployer@vagrant
 DEBUG [e9280fc0] Command: cd /opt/deployer/apps && ( export GIT_ASKPASS="/bin/echo" GIT_SSH="/tmp/sins3/git-ssh.sh" ; /usr/bin/env git clone --mirror git@github.com:nico01f/sins3.git /opt/deployer/apps/repo )
 DEBUG [e9280fc0] 	Cloning into bare repository '/opt/deployer/apps/repo'...
  INFO [e9280fc0] Finished in 3.693 seconds with exit status 0 (successful).
 DEBUG [562c7465] Running if test ! -d /opt/deployer/apps/repo; then echo "Directory does not exist '/opt/deployer/apps/repo'" 1>&2; false; fi as deployer@vagrant
 DEBUG [562c7465] Command: if test ! -d /opt/deployer/apps/repo; then echo "Directory does not exist '/opt/deployer/apps/repo'" 1>&2; false; fi
 DEBUG [562c7465] Finished in 0.004 seconds with exit status 0 (successful).
  INFO [8c49f15b] Running /usr/bin/env git remote update --prune as deployer@vagrant
 DEBUG [8c49f15b] Command: cd /opt/deployer/apps/repo && ( export GIT_ASKPASS="/bin/echo" GIT_SSH="/tmp/sins3/git-ssh.sh" ; /usr/bin/env git remote update --prune )
 DEBUG [8c49f15b] 	Fetching origin
  INFO [8c49f15b] Finished in 2.593 seconds with exit status 0 (successful).
 DEBUG [8109dcce] Running if test ! -d /opt/deployer/apps/repo; then echo "Directory does not exist '/opt/deployer/apps/repo'" 1>&2; false; fi as deployer@vagrant
 DEBUG [8109dcce] Command: if test ! -d /opt/deployer/apps/repo; then echo "Directory does not exist '/opt/deployer/apps/repo'" 1>&2; false; fi
 DEBUG [8109dcce] Finished in 0.009 seconds with exit status 0 (successful).
  INFO [c7d2c7cc] Running /usr/bin/env mkdir -p /opt/deployer/apps/releases/20170202204034 as deployer@vagrant
 DEBUG [c7d2c7cc] Command: cd /opt/deployer/apps/repo && ( export GIT_ASKPASS="/bin/echo" GIT_SSH="/tmp/sins3/git-ssh.sh" ; /usr/bin/env mkdir -p /opt/deployer/apps/releases/20170202204034 )
  INFO [c7d2c7cc] Finished in 0.006 seconds with exit status 0 (successful).
  INFO [61fa0a47] Running /usr/bin/env git archive master | tar -x -f - -C /opt/deployer/apps/releases/20170202204034 as deployer@vagrant
 DEBUG [61fa0a47] Command: cd /opt/deployer/apps/repo && ( export GIT_ASKPASS="/bin/echo" GIT_SSH="/tmp/sins3/git-ssh.sh" ; /usr/bin/env git archive master | tar -x -f - -C /opt/deployer/apps/releases/20170202204034 )
  INFO [61fa0a47] Finished in 0.007 seconds with exit status 0 (successful).
 DEBUG [9f623e59] Running if test ! -d /opt/deployer/apps/repo; then echo "Directory does not exist '/opt/deployer/apps/repo'" 1>&2; false; fi as deployer@vagrant
 DEBUG [9f623e59] Command: if test ! -d /opt/deployer/apps/repo; then echo "Directory does not exist '/opt/deployer/apps/repo'" 1>&2; false; fi
 DEBUG [9f623e59] Finished in 0.006 seconds with exit status 0 (successful).
 DEBUG [254dca83] Running /usr/bin/env git rev-list --max-count=1 master as deployer@vagrant
 DEBUG [254dca83] Command: cd /opt/deployer/apps/repo && ( export GIT_ASKPASS="/bin/echo" GIT_SSH="/tmp/sins3/git-ssh.sh" ; /usr/bin/env git rev-list --max-count=1 master )
 DEBUG [254dca83] 	21aa5729598004e230da8cf325963eca5cea5b60
 DEBUG [254dca83] Finished in 0.012 seconds with exit status 0 (successful).
 DEBUG [f74a46d6] Running if test ! -d /opt/deployer/apps/releases/20170202204034; then echo "Directory does not exist '/opt/deployer/apps/releases/20170202204034'" 1>&2; false; fi as deployer@vagrant
 DEBUG [f74a46d6] Command: if test ! -d /opt/deployer/apps/releases/20170202204034; then echo "Directory does not exist '/opt/deployer/apps/releases/20170202204034'" 1>&2; false; fi
 DEBUG [f74a46d6] Finished in 0.005 seconds with exit status 0 (successful).
  INFO [5d2577af] Running /usr/bin/env echo "21aa5729598004e230da8cf325963eca5cea5b60" >> REVISION as deployer@vagrant
 DEBUG [5d2577af] Command: cd /opt/deployer/apps/releases/20170202204034 && /usr/bin/env echo "21aa5729598004e230da8cf325963eca5cea5b60" >> REVISION
  INFO [5d2577af] Finished in 0.045 seconds with exit status 0 (successful).
  INFO [086a3811] Running /usr/bin/env ln -s /opt/deployer/apps/releases/20170202204034 /opt/deployer/apps/releases/current as deployer@vagrant
 DEBUG [086a3811] Command: /usr/bin/env ln -s /opt/deployer/apps/releases/20170202204034 /opt/deployer/apps/releases/current
  INFO [086a3811] Finished in 0.007 seconds with exit status 0 (successful).
  INFO [a291d485] Running /usr/bin/env mv /opt/deployer/apps/releases/current /opt/deployer/apps as deployer@vagrant
 DEBUG [a291d485] Command: /usr/bin/env mv /opt/deployer/apps/releases/current /opt/deployer/apps
  INFO [a291d485] Finished in 0.007 seconds with exit status 0 (successful).
 DEBUG [461c161c] Running /usr/bin/env ls -xtr /opt/deployer/apps/releases as deployer@vagrant
 DEBUG [461c161c] Command: /usr/bin/env ls -xtr /opt/deployer/apps/releases
 DEBUG [461c161c] 	20170202204034
 DEBUG [461c161c] Finished in 0.006 seconds with exit status 0 (successful).
 DEBUG [2b3bc1f9] Running if test ! -d /opt/deployer/apps/releases; then echo "Directory does not exist '/opt/deployer/apps/releases'" 1>&2; false; fi as deployer@vagrant
 DEBUG [2b3bc1f9] Command: if test ! -d /opt/deployer/apps/releases; then echo "Directory does not exist '/opt/deployer/apps/releases'" 1>&2; false; fi
 DEBUG [2b3bc1f9] Finished in 0.006 seconds with exit status 0 (successful).
  INFO [b0567370] Running /usr/bin/env echo "Branch master (at 21aa5729598004e230da8cf325963eca5cea5b60) deployed as release 20170202204034 by nicof" >> /opt/deployer/apps/revisions.log as deployer@vagrant
 DEBUG [b0567370] Command: cd /opt/deployer/apps/releases && /usr/bin/env echo "Branch master (at 21aa5729598004e230da8cf325963eca5cea5b60) deployed as release 20170202204034 by nicof" >> /opt/deployer/apps/revisions.log
  INFO [b0567370] Finished in 0.007 seconds with exit status 0 (successful).
  INFO ---------------------------------------------------------------------------
  INFO START 2017-02-03 11:03:12 -0300 cap production deploy
  INFO ---------------------------------------------------------------------------
  INFO [298d29d9] Running /usr/bin/env mkdir -p /tmp/sins3/ as deployer@vagrant
 DEBUG [298d29d9] Command: /usr/bin/env mkdir -p /tmp/sins3/
  INFO [298d29d9] Finished in 0.079 seconds with exit status 0 (successful).
 DEBUG Uploading /tmp/sins3/git-ssh.sh 0.0%
  INFO Uploading /tmp/sins3/git-ssh.sh 100.0%
  INFO [21068a50] Running /usr/bin/env chmod +rx /tmp/sins3/git-ssh.sh as deployer@vagrant
 DEBUG [21068a50] Command: /usr/bin/env chmod +rx /tmp/sins3/git-ssh.sh
  INFO [21068a50] Finished in 0.006 seconds with exit status 0 (successful).
  INFO [b6e7a334] Running /usr/bin/env git ls-remote --heads git@github.com:nico01f/sins3.git as deployer@vagrant
 DEBUG [b6e7a334] Command: ( export GIT_ASKPASS="/bin/echo" GIT_SSH="/tmp/sins3/git-ssh.sh" ; /usr/bin/env git ls-remote --heads git@github.com:nico01f/sins3.git )
 DEBUG [b6e7a334] 	6b5aa083d039b3f7946d66bc89604bc486b65a3e	refs/heads/autoreload
6ff35d5df2e15933707cd500ebd2620e6e4ca4b9	refs/heads/change_gem_s3
e695e483d4b8c88242e4063fa29752d8db95636b	refs/heads/guard-rack
d606125bd7e949f2d44e5c9bdcd036449640ba5e	refs/heads/master
72f6e6e2545829b9901e83e943693a2bf35c0f61	refs/heads/qa
7299c54e0e1cfce94569a3af9f742cabc5c7f518	refs/heads/test_pr
  INFO [b6e7a334] Finished in 2.152 seconds with exit status 0 (successful).
  INFO [13043c3a] Running /usr/bin/env mkdir -p /opt/deployer/apps/sins3/shared /opt/deployer/apps/sins3/releases as deployer@vagrant
 DEBUG [13043c3a] Command: /usr/bin/env mkdir -p /opt/deployer/apps/sins3/shared /opt/deployer/apps/sins3/releases
  INFO [13043c3a] Finished in 0.006 seconds with exit status 0 (successful).
 DEBUG [5ce231ce] Running [ -f /opt/deployer/apps/sins3/current/REVISION ] as deployer@vagrant
 DEBUG [5ce231ce] Command: [ -f /opt/deployer/apps/sins3/current/REVISION ]
 DEBUG [5ce231ce] Finished in 0.005 seconds with exit status 1 (failed).
 DEBUG [a4a5381e] Running [ -f /opt/deployer/apps/sins3/repo/HEAD ] as deployer@vagrant
 DEBUG [a4a5381e] Command: [ -f /opt/deployer/apps/sins3/repo/HEAD ]
 DEBUG [a4a5381e] Finished in 0.005 seconds with exit status 1 (failed).
 DEBUG [8973edc0] Running if test ! -d /opt/deployer/apps/sins3; then echo "Directory does not exist '/opt/deployer/apps/sins3'" 1>&2; false; fi as deployer@vagrant
 DEBUG [8973edc0] Command: if test ! -d /opt/deployer/apps/sins3; then echo "Directory does not exist '/opt/deployer/apps/sins3'" 1>&2; false; fi
 DEBUG [8973edc0] Finished in 0.005 seconds with exit status 0 (successful).
  INFO [f0f7ecb4] Running /usr/bin/env git clone --mirror git@github.com:nico01f/sins3.git /opt/deployer/apps/sins3/repo as deployer@vagrant
 DEBUG [f0f7ecb4] Command: cd /opt/deployer/apps/sins3 && ( export GIT_ASKPASS="/bin/echo" GIT_SSH="/tmp/sins3/git-ssh.sh" ; /usr/bin/env git clone --mirror git@github.com:nico01f/sins3.git /opt/deployer/apps/sins3/repo )
 DEBUG [f0f7ecb4] 	Cloning into bare repository '/opt/deployer/apps/sins3/repo'...
  INFO [f0f7ecb4] Finished in 3.590 seconds with exit status 0 (successful).
 DEBUG [66dd8e99] Running if test ! -d /opt/deployer/apps/sins3/repo; then echo "Directory does not exist '/opt/deployer/apps/sins3/repo'" 1>&2; false; fi as deployer@vagrant
 DEBUG [66dd8e99] Command: if test ! -d /opt/deployer/apps/sins3/repo; then echo "Directory does not exist '/opt/deployer/apps/sins3/repo'" 1>&2; false; fi
 DEBUG [66dd8e99] Finished in 0.007 seconds with exit status 0 (successful).
  INFO [e4fc01db] Running /usr/bin/env git remote update --prune as deployer@vagrant
 DEBUG [e4fc01db] Command: cd /opt/deployer/apps/sins3/repo && ( export GIT_ASKPASS="/bin/echo" GIT_SSH="/tmp/sins3/git-ssh.sh" ; /usr/bin/env git remote update --prune )
 DEBUG [e4fc01db] 	Fetching origin
  INFO [e4fc01db] Finished in 2.207 seconds with exit status 0 (successful).
 DEBUG [04067978] Running if test ! -d /opt/deployer/apps/sins3/repo; then echo "Directory does not exist '/opt/deployer/apps/sins3/repo'" 1>&2; false; fi as deployer@vagrant
 DEBUG [04067978] Command: if test ! -d /opt/deployer/apps/sins3/repo; then echo "Directory does not exist '/opt/deployer/apps/sins3/repo'" 1>&2; false; fi
 DEBUG [04067978] Finished in 0.005 seconds with exit status 0 (successful).
  INFO [4cd782b6] Running /usr/bin/env mkdir -p /opt/deployer/apps/sins3/releases/20170203140315 as deployer@vagrant
 DEBUG [4cd782b6] Command: cd /opt/deployer/apps/sins3/repo && ( export GIT_ASKPASS="/bin/echo" GIT_SSH="/tmp/sins3/git-ssh.sh" ; /usr/bin/env mkdir -p /opt/deployer/apps/sins3/releases/20170203140315 )
  INFO [4cd782b6] Finished in 0.007 seconds with exit status 0 (successful).
  INFO [9d552ae7] Running /usr/bin/env git archive master | tar -x -f - -C /opt/deployer/apps/sins3/releases/20170203140315 as deployer@vagrant
 DEBUG [9d552ae7] Command: cd /opt/deployer/apps/sins3/repo && ( export GIT_ASKPASS="/bin/echo" GIT_SSH="/tmp/sins3/git-ssh.sh" ; /usr/bin/env git archive master | tar -x -f - -C /opt/deployer/apps/sins3/releases/20170203140315 )
  INFO [9d552ae7] Finished in 0.009 seconds with exit status 0 (successful).
 DEBUG [ee53e8cd] Running if test ! -d /opt/deployer/apps/sins3/repo; then echo "Directory does not exist '/opt/deployer/apps/sins3/repo'" 1>&2; false; fi as deployer@vagrant
 DEBUG [ee53e8cd] Command: if test ! -d /opt/deployer/apps/sins3/repo; then echo "Directory does not exist '/opt/deployer/apps/sins3/repo'" 1>&2; false; fi
 DEBUG [ee53e8cd] Finished in 0.005 seconds with exit status 0 (successful).
 DEBUG [c796ff83] Running /usr/bin/env git rev-list --max-count=1 master as deployer@vagrant
 DEBUG [c796ff83] Command: cd /opt/deployer/apps/sins3/repo && ( export GIT_ASKPASS="/bin/echo" GIT_SSH="/tmp/sins3/git-ssh.sh" ; /usr/bin/env git rev-list --max-count=1 master )
 DEBUG [c796ff83] 	d606125bd7e949f2d44e5c9bdcd036449640ba5e
 DEBUG [c796ff83] Finished in 0.012 seconds with exit status 0 (successful).
 DEBUG [3c1ac123] Running if test ! -d /opt/deployer/apps/sins3/releases/20170203140315; then echo "Directory does not exist '/opt/deployer/apps/sins3/releases/20170203140315'" 1>&2; false; fi as deployer@vagrant
 DEBUG [3c1ac123] Command: if test ! -d /opt/deployer/apps/sins3/releases/20170203140315; then echo "Directory does not exist '/opt/deployer/apps/sins3/releases/20170203140315'" 1>&2; false; fi
 DEBUG [3c1ac123] Finished in 0.005 seconds with exit status 0 (successful).
  INFO [a796dd89] Running /usr/bin/env echo "d606125bd7e949f2d44e5c9bdcd036449640ba5e" >> REVISION as deployer@vagrant
 DEBUG [a796dd89] Command: cd /opt/deployer/apps/sins3/releases/20170203140315 && /usr/bin/env echo "d606125bd7e949f2d44e5c9bdcd036449640ba5e" >> REVISION
  INFO [a796dd89] Finished in 0.005 seconds with exit status 0 (successful).
  INFO [ec22b487] Running /usr/bin/env ln -s /opt/deployer/apps/sins3/releases/20170203140315 /opt/deployer/apps/sins3/releases/current as deployer@vagrant
 DEBUG [ec22b487] Command: /usr/bin/env ln -s /opt/deployer/apps/sins3/releases/20170203140315 /opt/deployer/apps/sins3/releases/current
  INFO [ec22b487] Finished in 0.005 seconds with exit status 0 (successful).
  INFO [10d71f59] Running /usr/bin/env mv /opt/deployer/apps/sins3/releases/current /opt/deployer/apps/sins3 as deployer@vagrant
 DEBUG [10d71f59] Command: /usr/bin/env mv /opt/deployer/apps/sins3/releases/current /opt/deployer/apps/sins3
  INFO [10d71f59] Finished in 0.007 seconds with exit status 0 (successful).
 DEBUG [a48275eb] Running /usr/bin/env ls -xtr /opt/deployer/apps/sins3/releases as deployer@vagrant
 DEBUG [a48275eb] Command: /usr/bin/env ls -xtr /opt/deployer/apps/sins3/releases
 DEBUG [a48275eb] 	20170203140315
 DEBUG [a48275eb] Finished in 0.007 seconds with exit status 0 (successful).
 DEBUG [135893f2] Running if test ! -d /opt/deployer/apps/sins3/releases; then echo "Directory does not exist '/opt/deployer/apps/sins3/releases'" 1>&2; false; fi as deployer@vagrant
 DEBUG [135893f2] Command: if test ! -d /opt/deployer/apps/sins3/releases; then echo "Directory does not exist '/opt/deployer/apps/sins3/releases'" 1>&2; false; fi
 DEBUG [135893f2] Finished in 0.005 seconds with exit status 0 (successful).
  INFO [764f3050] Running /usr/bin/env echo "Branch master (at d606125bd7e949f2d44e5c9bdcd036449640ba5e) deployed as release 20170203140315 by nicof" >> /opt/deployer/apps/sins3/revisions.log as deployer@vagrant
 DEBUG [764f3050] Command: cd /opt/deployer/apps/sins3/releases && /usr/bin/env echo "Branch master (at d606125bd7e949f2d44e5c9bdcd036449640ba5e) deployed as release 20170203140315 by nicof" >> /opt/deployer/apps/sins3/revisions.log
  INFO [764f3050] Finished in 0.006 seconds with exit status 0 (successful).
  INFO ---------------------------------------------------------------------------
  INFO START 2017-02-03 11:09:55 -0300 cap production deploy
  INFO ---------------------------------------------------------------------------
  INFO [f85cfda1] Running /usr/bin/env mkdir -p /tmp/sins3/ as deployer@vagrant
 DEBUG [f85cfda1] Command: /usr/bin/env mkdir -p /tmp/sins3/
  INFO [f85cfda1] Finished in 0.180 seconds with exit status 0 (successful).
 DEBUG Uploading /tmp/sins3/git-ssh.sh 0.0%
  INFO Uploading /tmp/sins3/git-ssh.sh 100.0%
  INFO [adfa6fe6] Running /usr/bin/env chmod +rx /tmp/sins3/git-ssh.sh as deployer@vagrant
 DEBUG [adfa6fe6] Command: /usr/bin/env chmod +rx /tmp/sins3/git-ssh.sh
  INFO [adfa6fe6] Finished in 0.006 seconds with exit status 0 (successful).
  INFO [aa2d2d5a] Running /usr/bin/env git ls-remote --heads git@github.com:nico01f/sins3.git as deployer@vagrant
 DEBUG [aa2d2d5a] Command: ( export GIT_ASKPASS="/bin/echo" GIT_SSH="/tmp/sins3/git-ssh.sh" ; /usr/bin/env git ls-remote --heads git@github.com:nico01f/sins3.git )
 DEBUG [aa2d2d5a] 	6b5aa083d039b3f7946d66bc89604bc486b65a3e	refs/heads/autoreload
6ff35d5df2e15933707cd500ebd2620e6e4ca4b9	refs/heads/change_gem_s3
e695e483d4b8c88242e4063fa29752d8db95636b	refs/heads/guard-rack
d606125bd7e949f2d44e5c9bdcd036449640ba5e	refs/heads/master
72f6e6e2545829b9901e83e943693a2bf35c0f61	refs/heads/qa
7299c54e0e1cfce94569a3af9f742cabc5c7f518	refs/heads/test_pr
  INFO [aa2d2d5a] Finished in 2.104 seconds with exit status 0 (successful).
  INFO [567c9a8d] Running /usr/bin/env mkdir -p /opt/deployer/apps/sins3/shared /opt/deployer/apps/sins3/releases as deployer@vagrant
 DEBUG [567c9a8d] Command: /usr/bin/env mkdir -p /opt/deployer/apps/sins3/shared /opt/deployer/apps/sins3/releases
  INFO [567c9a8d] Finished in 0.006 seconds with exit status 0 (successful).
 DEBUG [48466ab0] Running [ -f /opt/deployer/apps/sins3/current/REVISION ] as deployer@vagrant
 DEBUG [48466ab0] Command: [ -f /opt/deployer/apps/sins3/current/REVISION ]
 DEBUG [48466ab0] Finished in 0.005 seconds with exit status 1 (failed).
 DEBUG [578ad31e] Running [ -f /opt/deployer/apps/sins3/repo/HEAD ] as deployer@vagrant
 DEBUG [578ad31e] Command: [ -f /opt/deployer/apps/sins3/repo/HEAD ]
 DEBUG [578ad31e] Finished in 0.005 seconds with exit status 1 (failed).
 DEBUG [5c2eabd8] Running if test ! -d /opt/deployer/apps/sins3; then echo "Directory does not exist '/opt/deployer/apps/sins3'" 1>&2; false; fi as deployer@vagrant
 DEBUG [5c2eabd8] Command: if test ! -d /opt/deployer/apps/sins3; then echo "Directory does not exist '/opt/deployer/apps/sins3'" 1>&2; false; fi
 DEBUG [5c2eabd8] Finished in 0.005 seconds with exit status 0 (successful).
  INFO [8d9418fe] Running /usr/bin/env git clone --mirror git@github.com:nico01f/sins3.git /opt/deployer/apps/sins3/repo as deployer@vagrant
 DEBUG [8d9418fe] Command: cd /opt/deployer/apps/sins3 && ( export GIT_ASKPASS="/bin/echo" GIT_SSH="/tmp/sins3/git-ssh.sh" ; /usr/bin/env git clone --mirror git@github.com:nico01f/sins3.git /opt/deployer/apps/sins3/repo )
 DEBUG [8d9418fe] 	Cloning into bare repository '/opt/deployer/apps/sins3/repo'...
  INFO [8d9418fe] Finished in 3.750 seconds with exit status 0 (successful).
 DEBUG [5fbbdd35] Running if test ! -d /opt/deployer/apps/sins3/repo; then echo "Directory does not exist '/opt/deployer/apps/sins3/repo'" 1>&2; false; fi as deployer@vagrant
 DEBUG [5fbbdd35] Command: if test ! -d /opt/deployer/apps/sins3/repo; then echo "Directory does not exist '/opt/deployer/apps/sins3/repo'" 1>&2; false; fi
 DEBUG [5fbbdd35] Finished in 0.008 seconds with exit status 0 (successful).
  INFO [35b315a7] Running /usr/bin/env git remote update --prune as deployer@vagrant
 DEBUG [35b315a7] Command: cd /opt/deployer/apps/sins3/repo && ( export GIT_ASKPASS="/bin/echo" GIT_SSH="/tmp/sins3/git-ssh.sh" ; /usr/bin/env git remote update --prune )
 DEBUG [35b315a7] 	Fetching origin
  INFO [35b315a7] Finished in 4.107 seconds with exit status 0 (successful).
 DEBUG [eba626b4] Running if test ! -d /opt/deployer/apps/sins3/repo; then echo "Directory does not exist '/opt/deployer/apps/sins3/repo'" 1>&2; false; fi as deployer@vagrant
 DEBUG [eba626b4] Command: if test ! -d /opt/deployer/apps/sins3/repo; then echo "Directory does not exist '/opt/deployer/apps/sins3/repo'" 1>&2; false; fi
 DEBUG [eba626b4] Finished in 0.005 seconds with exit status 0 (successful).
  INFO [3b6deadf] Running /usr/bin/env mkdir -p /opt/deployer/apps/sins3/releases/20170203140957 as deployer@vagrant
 DEBUG [3b6deadf] Command: cd /opt/deployer/apps/sins3/repo && ( export GIT_ASKPASS="/bin/echo" GIT_SSH="/tmp/sins3/git-ssh.sh" ; /usr/bin/env mkdir -p /opt/deployer/apps/sins3/releases/20170203140957 )
  INFO [3b6deadf] Finished in 0.006 seconds with exit status 0 (successful).
  INFO [8fa7f7ab] Running /usr/bin/env git archive qa | tar -x -f - -C /opt/deployer/apps/sins3/releases/20170203140957 as deployer@vagrant
 DEBUG [8fa7f7ab] Command: cd /opt/deployer/apps/sins3/repo && ( export GIT_ASKPASS="/bin/echo" GIT_SSH="/tmp/sins3/git-ssh.sh" ; /usr/bin/env git archive qa | tar -x -f - -C /opt/deployer/apps/sins3/releases/20170203140957 )
  INFO [8fa7f7ab] Finished in 0.009 seconds with exit status 0 (successful).
 DEBUG [6c341a4d] Running if test ! -d /opt/deployer/apps/sins3/repo; then echo "Directory does not exist '/opt/deployer/apps/sins3/repo'" 1>&2; false; fi as deployer@vagrant
 DEBUG [6c341a4d] Command: if test ! -d /opt/deployer/apps/sins3/repo; then echo "Directory does not exist '/opt/deployer/apps/sins3/repo'" 1>&2; false; fi
 DEBUG [6c341a4d] Finished in 0.005 seconds with exit status 0 (successful).
 DEBUG [63d10810] Running /usr/bin/env git rev-list --max-count=1 qa as deployer@vagrant
 DEBUG [63d10810] Command: cd /opt/deployer/apps/sins3/repo && ( export GIT_ASKPASS="/bin/echo" GIT_SSH="/tmp/sins3/git-ssh.sh" ; /usr/bin/env git rev-list --max-count=1 qa )
 DEBUG [63d10810] 	72f6e6e2545829b9901e83e943693a2bf35c0f61
 DEBUG [63d10810] Finished in 0.013 seconds with exit status 0 (successful).
 DEBUG [72ad78b9] Running if test ! -d /opt/deployer/apps/sins3/releases/20170203140957; then echo "Directory does not exist '/opt/deployer/apps/sins3/releases/20170203140957'" 1>&2; false; fi as deployer@vagrant
 DEBUG [72ad78b9] Command: if test ! -d /opt/deployer/apps/sins3/releases/20170203140957; then echo "Directory does not exist '/opt/deployer/apps/sins3/releases/20170203140957'" 1>&2; false; fi
 DEBUG [72ad78b9] Finished in 0.005 seconds with exit status 0 (successful).
  INFO [2eb3704a] Running /usr/bin/env echo "72f6e6e2545829b9901e83e943693a2bf35c0f61" >> REVISION as deployer@vagrant
 DEBUG [2eb3704a] Command: cd /opt/deployer/apps/sins3/releases/20170203140957 && /usr/bin/env echo "72f6e6e2545829b9901e83e943693a2bf35c0f61" >> REVISION
  INFO [2eb3704a] Finished in 0.005 seconds with exit status 0 (successful).
  INFO [0f3b1c7f] Running /usr/bin/env ln -s /opt/deployer/apps/sins3/releases/20170203140957 /opt/deployer/apps/sins3/releases/current as deployer@vagrant
 DEBUG [0f3b1c7f] Command: /usr/bin/env ln -s /opt/deployer/apps/sins3/releases/20170203140957 /opt/deployer/apps/sins3/releases/current
  INFO [0f3b1c7f] Finished in 0.006 seconds with exit status 0 (successful).
  INFO [ce9176d5] Running /usr/bin/env mv /opt/deployer/apps/sins3/releases/current /opt/deployer/apps/sins3 as deployer@vagrant
 DEBUG [ce9176d5] Command: /usr/bin/env mv /opt/deployer/apps/sins3/releases/current /opt/deployer/apps/sins3
  INFO [ce9176d5] Finished in 0.006 seconds with exit status 0 (successful).
 DEBUG [e16e46bc] Running /usr/bin/env ls -xtr /opt/deployer/apps/sins3/releases as deployer@vagrant
 DEBUG [e16e46bc] Command: /usr/bin/env ls -xtr /opt/deployer/apps/sins3/releases
 DEBUG [e16e46bc] 	20170203140957
 DEBUG [e16e46bc] Finished in 0.006 seconds with exit status 0 (successful).
 DEBUG [b666e4e8] Running if test ! -d /opt/deployer/apps/sins3/releases; then echo "Directory does not exist '/opt/deployer/apps/sins3/releases'" 1>&2; false; fi as deployer@vagrant
 DEBUG [b666e4e8] Command: if test ! -d /opt/deployer/apps/sins3/releases; then echo "Directory does not exist '/opt/deployer/apps/sins3/releases'" 1>&2; false; fi
 DEBUG [b666e4e8] Finished in 0.005 seconds with exit status 0 (successful).
  INFO [efaec162] Running /usr/bin/env echo "Branch qa (at 72f6e6e2545829b9901e83e943693a2bf35c0f61) deployed as release 20170203140957 by nicof" >> /opt/deployer/apps/sins3/revisions.log as deployer@vagrant
 DEBUG [efaec162] Command: cd /opt/deployer/apps/sins3/releases && /usr/bin/env echo "Branch qa (at 72f6e6e2545829b9901e83e943693a2bf35c0f61) deployed as release 20170203140957 by nicof" >> /opt/deployer/apps/sins3/revisions.log
  INFO [efaec162] Finished in 0.006 seconds with exit status 0 (successful).
  INFO ---------------------------------------------------------------------------
  INFO START 2017-02-03 11:23:01 -0300 cap production deploy
  INFO ---------------------------------------------------------------------------
  INFO [5b81021e] Running /usr/bin/env mkdir -p /tmp/sins3/ as deployer@vagrant
 DEBUG [5b81021e] Command: /usr/bin/env mkdir -p /tmp/sins3/
  INFO [5b81021e] Finished in 0.083 seconds with exit status 0 (successful).
 DEBUG Uploading /tmp/sins3/git-ssh.sh 0.0%
  INFO Uploading /tmp/sins3/git-ssh.sh 100.0%
  INFO [4a8d10d8] Running /usr/bin/env chmod +rx /tmp/sins3/git-ssh.sh as deployer@vagrant
 DEBUG [4a8d10d8] Command: /usr/bin/env chmod +rx /tmp/sins3/git-ssh.sh
  INFO [4a8d10d8] Finished in 0.005 seconds with exit status 0 (successful).
  INFO [b84e4cb7] Running /usr/bin/env git ls-remote --heads git@github.com:nico01f/sins3.git as deployer@vagrant
 DEBUG [b84e4cb7] Command: ( export GIT_ASKPASS="/bin/echo" GIT_SSH="/tmp/sins3/git-ssh.sh" ; /usr/bin/env git ls-remote --heads git@github.com:nico01f/sins3.git )
 DEBUG [b84e4cb7] 	Error reading response length from authentication socket.
 DEBUG [b84e4cb7] 	6b5aa083d039b3f7946d66bc89604bc486b65a3e	refs/heads/autoreload
6ff35d5df2e15933707cd500ebd2620e6e4ca4b9	refs/heads/change_gem_s3
e695e483d4b8c88242e4063fa29752d8db95636b	refs/heads/guard-rack
b05f2d5aadef354d377e592e3b5080fcdec2d21f	refs/heads/master
72f6e6e2545829b9901e83e943693a2bf35c0f61	refs/heads/qa
7299c54e0e1cfce94569a3af9f742cabc5c7f518	refs/heads/test_pr
  INFO [b84e4cb7] Finished in 3.529 seconds with exit status 0 (successful).
  INFO [be233c1d] Running /usr/bin/env mkdir -p /opt/deployer/apps/sins3/shared /opt/deployer/apps/sins3/releases as deployer@vagrant
 DEBUG [be233c1d] Command: /usr/bin/env mkdir -p /opt/deployer/apps/sins3/shared /opt/deployer/apps/sins3/releases
  INFO [be233c1d] Finished in 0.006 seconds with exit status 0 (successful).
 DEBUG [997997bd] Running [ -f /opt/deployer/apps/sins3/current/REVISION ] as deployer@vagrant
 DEBUG [997997bd] Command: [ -f /opt/deployer/apps/sins3/current/REVISION ]
 DEBUG [997997bd] Finished in 0.005 seconds with exit status 1 (failed).
 DEBUG [ab2646a0] Running [ -f /opt/deployer/apps/sins3/repo/HEAD ] as deployer@vagrant
 DEBUG [ab2646a0] Command: [ -f /opt/deployer/apps/sins3/repo/HEAD ]
 DEBUG [ab2646a0] Finished in 0.005 seconds with exit status 1 (failed).
 DEBUG [1e9ca1e5] Running if test ! -d /opt/deployer/apps/sins3; then echo "Directory does not exist '/opt/deployer/apps/sins3'" 1>&2; false; fi as deployer@vagrant
 DEBUG [1e9ca1e5] Command: if test ! -d /opt/deployer/apps/sins3; then echo "Directory does not exist '/opt/deployer/apps/sins3'" 1>&2; false; fi
 DEBUG [1e9ca1e5] Finished in 0.005 seconds with exit status 0 (successful).
  INFO [e3e80f05] Running /usr/bin/env git clone --mirror git@github.com:nico01f/sins3.git /opt/deployer/apps/sins3/repo as deployer@vagrant
 DEBUG [e3e80f05] Command: cd /opt/deployer/apps/sins3 && ( export GIT_ASKPASS="/bin/echo" GIT_SSH="/tmp/sins3/git-ssh.sh" ; /usr/bin/env git clone --mirror git@github.com:nico01f/sins3.git /opt/deployer/apps/sins3/repo )
 DEBUG [e3e80f05] 	Cloning into bare repository '/opt/deployer/apps/sins3/repo'...
 DEBUG [e3e80f05] 	Error reading response length from authentication socket.
  INFO [e3e80f05] Finished in 7.752 seconds with exit status 0 (successful).
 DEBUG [e17e5a89] Running if test ! -d /opt/deployer/apps/sins3/repo; then echo "Directory does not exist '/opt/deployer/apps/sins3/repo'" 1>&2; false; fi as deployer@vagrant
 DEBUG [e17e5a89] Command: if test ! -d /opt/deployer/apps/sins3/repo; then echo "Directory does not exist '/opt/deployer/apps/sins3/repo'" 1>&2; false; fi
 DEBUG [e17e5a89] Finished in 0.005 seconds with exit status 0 (successful).
  INFO [2a66124a] Running /usr/bin/env git remote update --prune as deployer@vagrant
 DEBUG [2a66124a] Command: cd /opt/deployer/apps/sins3/repo && ( export GIT_ASKPASS="/bin/echo" GIT_SSH="/tmp/sins3/git-ssh.sh" ; /usr/bin/env git remote update --prune )
 DEBUG [2a66124a] 	Fetching origin
 DEBUG [2a66124a] 	Error reading response length from authentication socket.
  INFO [2a66124a] Finished in 2.106 seconds with exit status 0 (successful).
 DEBUG [086ecf51] Running if test ! -d /opt/deployer/apps/sins3/repo; then echo "Directory does not exist '/opt/deployer/apps/sins3/repo'" 1>&2; false; fi as deployer@vagrant
 DEBUG [086ecf51] Command: if test ! -d /opt/deployer/apps/sins3/repo; then echo "Directory does not exist '/opt/deployer/apps/sins3/repo'" 1>&2; false; fi
 DEBUG [086ecf51] Finished in 0.005 seconds with exit status 0 (successful).
  INFO [677d1ef1] Running /usr/bin/env mkdir -p /opt/deployer/apps/sins3/releases/20170203142305 as deployer@vagrant
 DEBUG [677d1ef1] Command: cd /opt/deployer/apps/sins3/repo && ( export GIT_ASKPASS="/bin/echo" GIT_SSH="/tmp/sins3/git-ssh.sh" ; /usr/bin/env mkdir -p /opt/deployer/apps/sins3/releases/20170203142305 )
  INFO [677d1ef1] Finished in 0.006 seconds with exit status 0 (successful).
  INFO [d1f38435] Running /usr/bin/env git archive staging | tar -x -f - -C /opt/deployer/apps/sins3/releases/20170203142305 as deployer@vagrant
 DEBUG [d1f38435] Command: cd /opt/deployer/apps/sins3/repo && ( export GIT_ASKPASS="/bin/echo" GIT_SSH="/tmp/sins3/git-ssh.sh" ; /usr/bin/env git archive staging | tar -x -f - -C /opt/deployer/apps/sins3/releases/20170203142305 )
 DEBUG [d1f38435] 	fatal: Not a valid object name
 DEBUG [d1f38435] 	tar: Esto no parece un archivo tar
tar: Exiting with failure status due to previous errors
  INFO ---------------------------------------------------------------------------
  INFO START 2017-02-03 11:31:15 -0300 cap production deploy
  INFO ---------------------------------------------------------------------------
  INFO [b044c2f7] Running /usr/bin/env mkdir -p /tmp/sins3/ as deployer@vagrant
 DEBUG [b044c2f7] Command: /usr/bin/env mkdir -p /tmp/sins3/
  INFO [b044c2f7] Finished in 0.234 seconds with exit status 0 (successful).
 DEBUG Uploading /tmp/sins3/git-ssh.sh 0.0%
  INFO Uploading /tmp/sins3/git-ssh.sh 100.0%
  INFO [3c40a12d] Running /usr/bin/env chmod +rx /tmp/sins3/git-ssh.sh as deployer@vagrant
 DEBUG [3c40a12d] Command: /usr/bin/env chmod +rx /tmp/sins3/git-ssh.sh
  INFO [3c40a12d] Finished in 0.007 seconds with exit status 0 (successful).
  INFO [6baf1f09] Running /usr/bin/env git ls-remote --heads git@github.com:nico01f/sins3.git as deployer@vagrant
 DEBUG [6baf1f09] Command: ( export GIT_ASKPASS="/bin/echo" GIT_SSH="/tmp/sins3/git-ssh.sh" ; /usr/bin/env git ls-remote --heads git@github.com:nico01f/sins3.git )
 DEBUG [6baf1f09] 	Error reading response length from authentication socket.
 DEBUG [6baf1f09] 	6b5aa083d039b3f7946d66bc89604bc486b65a3e	refs/heads/autoreload
6ff35d5df2e15933707cd500ebd2620e6e4ca4b9	refs/heads/change_gem_s3
e695e483d4b8c88242e4063fa29752d8db95636b	refs/heads/guard-rack
b05f2d5aadef354d377e592e3b5080fcdec2d21f	refs/heads/master
72f6e6e2545829b9901e83e943693a2bf35c0f61	refs/heads/qa
7299c54e0e1cfce94569a3af9f742cabc5c7f518	refs/heads/test_pr
  INFO [6baf1f09] Finished in 2.115 seconds with exit status 0 (successful).
  INFO [3ef5aedd] Running /usr/bin/env mkdir -p /opt/deployer/apps/sins3/shared /opt/deployer/apps/sins3/releases as deployer@vagrant
 DEBUG [3ef5aedd] Command: /usr/bin/env mkdir -p /opt/deployer/apps/sins3/shared /opt/deployer/apps/sins3/releases
  INFO [3ef5aedd] Finished in 0.006 seconds with exit status 0 (successful).
 DEBUG [236636d1] Running [ -f /opt/deployer/apps/sins3/current/REVISION ] as deployer@vagrant
 DEBUG [236636d1] Command: [ -f /opt/deployer/apps/sins3/current/REVISION ]
 DEBUG [236636d1] Finished in 0.004 seconds with exit status 1 (failed).
 DEBUG [7e1ccf6f] Running [ -f /opt/deployer/apps/sins3/repo/HEAD ] as deployer@vagrant
 DEBUG [7e1ccf6f] Command: [ -f /opt/deployer/apps/sins3/repo/HEAD ]
 DEBUG [7e1ccf6f] Finished in 0.004 seconds with exit status 0 (successful).
  INFO The repository mirror is at /opt/deployer/apps/sins3/repo
 DEBUG [32cae5d9] Running if test ! -d /opt/deployer/apps/sins3/repo; then echo "Directory does not exist '/opt/deployer/apps/sins3/repo'" 1>&2; false; fi as deployer@vagrant
 DEBUG [32cae5d9] Command: if test ! -d /opt/deployer/apps/sins3/repo; then echo "Directory does not exist '/opt/deployer/apps/sins3/repo'" 1>&2; false; fi
 DEBUG [32cae5d9] Finished in 0.004 seconds with exit status 0 (successful).
  INFO [eb147099] Running /usr/bin/env git remote update --prune as deployer@vagrant
 DEBUG [eb147099] Command: cd /opt/deployer/apps/sins3/repo && ( export GIT_ASKPASS="/bin/echo" GIT_SSH="/tmp/sins3/git-ssh.sh" ; /usr/bin/env git remote update --prune )
 DEBUG [eb147099] 	Fetching origin
 DEBUG [eb147099] 	Error reading response length from authentication socket.
  INFO [eb147099] Finished in 2.498 seconds with exit status 0 (successful).
 DEBUG [5e069aa0] Running if test ! -d /opt/deployer/apps/sins3/repo; then echo "Directory does not exist '/opt/deployer/apps/sins3/repo'" 1>&2; false; fi as deployer@vagrant
 DEBUG [5e069aa0] Command: if test ! -d /opt/deployer/apps/sins3/repo; then echo "Directory does not exist '/opt/deployer/apps/sins3/repo'" 1>&2; false; fi
 DEBUG [5e069aa0] Finished in 0.005 seconds with exit status 0 (successful).
  INFO [143a128e] Running /usr/bin/env mkdir -p /opt/deployer/apps/sins3/releases/20170203143118 as deployer@vagrant
 DEBUG [143a128e] Command: cd /opt/deployer/apps/sins3/repo && ( export GIT_ASKPASS="/bin/echo" GIT_SSH="/tmp/sins3/git-ssh.sh" ; /usr/bin/env mkdir -p /opt/deployer/apps/sins3/releases/20170203143118 )
  INFO [143a128e] Finished in 0.006 seconds with exit status 0 (successful).
  INFO [d564d7cc] Running /usr/bin/env git archive qa | tar -x -f - -C /opt/deployer/apps/sins3/releases/20170203143118 as deployer@vagrant
 DEBUG [d564d7cc] Command: cd /opt/deployer/apps/sins3/repo && ( export GIT_ASKPASS="/bin/echo" GIT_SSH="/tmp/sins3/git-ssh.sh" ; /usr/bin/env git archive qa | tar -x -f - -C /opt/deployer/apps/sins3/releases/20170203143118 )
  INFO [d564d7cc] Finished in 0.007 seconds with exit status 0 (successful).
 DEBUG [544343f4] Running if test ! -d /opt/deployer/apps/sins3/repo; then echo "Directory does not exist '/opt/deployer/apps/sins3/repo'" 1>&2; false; fi as deployer@vagrant
 DEBUG [544343f4] Command: if test ! -d /opt/deployer/apps/sins3/repo; then echo "Directory does not exist '/opt/deployer/apps/sins3/repo'" 1>&2; false; fi
 DEBUG [544343f4] Finished in 0.004 seconds with exit status 0 (successful).
 DEBUG [0e7da466] Running /usr/bin/env git rev-list --max-count=1 qa as deployer@vagrant
 DEBUG [0e7da466] Command: cd /opt/deployer/apps/sins3/repo && ( export GIT_ASKPASS="/bin/echo" GIT_SSH="/tmp/sins3/git-ssh.sh" ; /usr/bin/env git rev-list --max-count=1 qa )
 DEBUG [0e7da466] 	72f6e6e2545829b9901e83e943693a2bf35c0f61
 DEBUG [0e7da466] Finished in 0.006 seconds with exit status 0 (successful).
 DEBUG [bd47145b] Running if test ! -d /opt/deployer/apps/sins3/releases/20170203143118; then echo "Directory does not exist '/opt/deployer/apps/sins3/releases/20170203143118'" 1>&2; false; fi as deployer@vagrant
 DEBUG [bd47145b] Command: if test ! -d /opt/deployer/apps/sins3/releases/20170203143118; then echo "Directory does not exist '/opt/deployer/apps/sins3/releases/20170203143118'" 1>&2; false; fi
 DEBUG [bd47145b] Finished in 0.004 seconds with exit status 0 (successful).
  INFO [030c95c6] Running /usr/bin/env echo "72f6e6e2545829b9901e83e943693a2bf35c0f61" >> REVISION as deployer@vagrant
 DEBUG [030c95c6] Command: cd /opt/deployer/apps/sins3/releases/20170203143118 && /usr/bin/env echo "72f6e6e2545829b9901e83e943693a2bf35c0f61" >> REVISION
  INFO [030c95c6] Finished in 0.005 seconds with exit status 0 (successful).
  INFO [965f0e30] Running /usr/bin/env ln -s /opt/deployer/apps/sins3/releases/20170203143118 /opt/deployer/apps/sins3/releases/current as deployer@vagrant
 DEBUG [965f0e30] Command: /usr/bin/env ln -s /opt/deployer/apps/sins3/releases/20170203143118 /opt/deployer/apps/sins3/releases/current
  INFO [965f0e30] Finished in 0.005 seconds with exit status 0 (successful).
  INFO [d439507f] Running /usr/bin/env mv /opt/deployer/apps/sins3/releases/current /opt/deployer/apps/sins3 as deployer@vagrant
 DEBUG [d439507f] Command: /usr/bin/env mv /opt/deployer/apps/sins3/releases/current /opt/deployer/apps/sins3
  INFO [d439507f] Finished in 0.005 seconds with exit status 0 (successful).
 DEBUG [4346b3df] Running /usr/bin/env ls -xtr /opt/deployer/apps/sins3/releases as deployer@vagrant
 DEBUG [4346b3df] Command: /usr/bin/env ls -xtr /opt/deployer/apps/sins3/releases
 DEBUG [4346b3df] 	20170203142305	20170203143118
 DEBUG [4346b3df] Finished in 0.005 seconds with exit status 0 (successful).
 DEBUG [10b4525c] Running if test ! -d /opt/deployer/apps/sins3/releases; then echo "Directory does not exist '/opt/deployer/apps/sins3/releases'" 1>&2; false; fi as deployer@vagrant
 DEBUG [10b4525c] Command: if test ! -d /opt/deployer/apps/sins3/releases; then echo "Directory does not exist '/opt/deployer/apps/sins3/releases'" 1>&2; false; fi
 DEBUG [10b4525c] Finished in 0.004 seconds with exit status 0 (successful).
  INFO [25f99eff] Running /usr/bin/env echo "Branch qa (at 72f6e6e2545829b9901e83e943693a2bf35c0f61) deployed as release 20170203143118 by nicof" >> /opt/deployer/apps/sins3/revisions.log as deployer@vagrant
 DEBUG [25f99eff] Command: cd /opt/deployer/apps/sins3/releases && /usr/bin/env echo "Branch qa (at 72f6e6e2545829b9901e83e943693a2bf35c0f61) deployed as release 20170203143118 by nicof" >> /opt/deployer/apps/sins3/revisions.log
  INFO [25f99eff] Finished in 0.005 seconds with exit status 0 (successful).
  INFO ---------------------------------------------------------------------------
  INFO START 2017-02-03 11:46:08 -0300 cap production deploy
  INFO ---------------------------------------------------------------------------
  INFO [75477df5] Running /usr/bin/env mkdir -p /tmp/sins3/ as deployer@vagrant
 DEBUG [75477df5] Command: /usr/bin/env mkdir -p /tmp/sins3/
  INFO [75477df5] Finished in 0.176 seconds with exit status 0 (successful).
 DEBUG Uploading /tmp/sins3/git-ssh.sh 0.0%
  INFO Uploading /tmp/sins3/git-ssh.sh 100.0%
  INFO [df25fb34] Running /usr/bin/env chmod +rx /tmp/sins3/git-ssh.sh as deployer@vagrant
 DEBUG [df25fb34] Command: /usr/bin/env chmod +rx /tmp/sins3/git-ssh.sh
  INFO [df25fb34] Finished in 0.005 seconds with exit status 0 (successful).
  INFO [f3e212c1] Running /usr/bin/env git ls-remote --heads git@github.com:nico01f/sins3.git as deployer@vagrant
 DEBUG [f3e212c1] Command: ( export GIT_ASKPASS="/bin/echo" GIT_SSH="/tmp/sins3/git-ssh.sh" ; /usr/bin/env git ls-remote --heads git@github.com:nico01f/sins3.git )
 DEBUG [f3e212c1] 	Error reading response length from authentication socket.
 DEBUG [f3e212c1] 	6b5aa083d039b3f7946d66bc89604bc486b65a3e	refs/heads/autoreload
6ff35d5df2e15933707cd500ebd2620e6e4ca4b9	refs/heads/change_gem_s3
e695e483d4b8c88242e4063fa29752d8db95636b	refs/heads/guard-rack
ece8d1305c7ec8afafd9ef95aea10fc39cb92f20	refs/heads/master
72f6e6e2545829b9901e83e943693a2bf35c0f61	refs/heads/qa
7299c54e0e1cfce94569a3af9f742cabc5c7f518	refs/heads/test_pr
  INFO [f3e212c1] Finished in 1.966 seconds with exit status 0 (successful).
  INFO [a8ec50ff] Running /usr/bin/env mkdir -p /opt/deployer/apps/sins3/shared /opt/deployer/apps/sins3/releases as deployer@vagrant
 DEBUG [a8ec50ff] Command: /usr/bin/env mkdir -p /opt/deployer/apps/sins3/shared /opt/deployer/apps/sins3/releases
  INFO [a8ec50ff] Finished in 0.006 seconds with exit status 0 (successful).
 DEBUG [09f73bf0] Running [ -f /opt/deployer/apps/sins3/current/REVISION ] as deployer@vagrant
 DEBUG [09f73bf0] Command: [ -f /opt/deployer/apps/sins3/current/REVISION ]
 DEBUG [09f73bf0] Finished in 0.005 seconds with exit status 1 (failed).
 DEBUG [4aebbd27] Running [ -f /opt/deployer/apps/sins3/repo/HEAD ] as deployer@vagrant
 DEBUG [4aebbd27] Command: [ -f /opt/deployer/apps/sins3/repo/HEAD ]
 DEBUG [4aebbd27] Finished in 0.004 seconds with exit status 1 (failed).
 DEBUG [59211288] Running if test ! -d /opt/deployer/apps/sins3; then echo "Directory does not exist '/opt/deployer/apps/sins3'" 1>&2; false; fi as deployer@vagrant
 DEBUG [59211288] Command: if test ! -d /opt/deployer/apps/sins3; then echo "Directory does not exist '/opt/deployer/apps/sins3'" 1>&2; false; fi
 DEBUG [59211288] Finished in 0.004 seconds with exit status 0 (successful).
  INFO [c1447826] Running /usr/bin/env git clone --mirror git@github.com:nico01f/sins3.git /opt/deployer/apps/sins3/repo as deployer@vagrant
 DEBUG [c1447826] Command: cd /opt/deployer/apps/sins3 && ( export GIT_ASKPASS="/bin/echo" GIT_SSH="/tmp/sins3/git-ssh.sh" ; /usr/bin/env git clone --mirror git@github.com:nico01f/sins3.git /opt/deployer/apps/sins3/repo )
 DEBUG [c1447826] 	Cloning into bare repository '/opt/deployer/apps/sins3/repo'...
 DEBUG [c1447826] 	Error reading response length from authentication socket.
  INFO [c1447826] Finished in 3.538 seconds with exit status 0 (successful).
 DEBUG [24c570f7] Running if test ! -d /opt/deployer/apps/sins3/repo; then echo "Directory does not exist '/opt/deployer/apps/sins3/repo'" 1>&2; false; fi as deployer@vagrant
 DEBUG [24c570f7] Command: if test ! -d /opt/deployer/apps/sins3/repo; then echo "Directory does not exist '/opt/deployer/apps/sins3/repo'" 1>&2; false; fi
 DEBUG [24c570f7] Finished in 0.004 seconds with exit status 0 (successful).
  INFO [1108dbc8] Running /usr/bin/env git remote update --prune as deployer@vagrant
 DEBUG [1108dbc8] Command: cd /opt/deployer/apps/sins3/repo && ( export GIT_ASKPASS="/bin/echo" GIT_SSH="/tmp/sins3/git-ssh.sh" ; /usr/bin/env git remote update --prune )
 DEBUG [1108dbc8] 	Fetching origin
 DEBUG [1108dbc8] 	Error reading response length from authentication socket.
  INFO [1108dbc8] Finished in 2.091 seconds with exit status 0 (successful).
 DEBUG [e429026e] Running if test ! -d /opt/deployer/apps/sins3/repo; then echo "Directory does not exist '/opt/deployer/apps/sins3/repo'" 1>&2; false; fi as deployer@vagrant
 DEBUG [e429026e] Command: if test ! -d /opt/deployer/apps/sins3/repo; then echo "Directory does not exist '/opt/deployer/apps/sins3/repo'" 1>&2; false; fi
 DEBUG [e429026e] Finished in 0.005 seconds with exit status 0 (successful).
  INFO [88542733] Running /usr/bin/env mkdir -p /opt/deployer/apps/sins3/releases/20170203144611 as deployer@vagrant
 DEBUG [88542733] Command: cd /opt/deployer/apps/sins3/repo && ( export GIT_ASKPASS="/bin/echo" GIT_SSH="/tmp/sins3/git-ssh.sh" ; /usr/bin/env mkdir -p /opt/deployer/apps/sins3/releases/20170203144611 )
  INFO [88542733] Finished in 0.005 seconds with exit status 0 (successful).
  INFO [d94ffaf7] Running /usr/bin/env git archive qa | tar -x -f - -C /opt/deployer/apps/sins3/releases/20170203144611 as deployer@vagrant
 DEBUG [d94ffaf7] Command: cd /opt/deployer/apps/sins3/repo && ( export GIT_ASKPASS="/bin/echo" GIT_SSH="/tmp/sins3/git-ssh.sh" ; /usr/bin/env git archive qa | tar -x -f - -C /opt/deployer/apps/sins3/releases/20170203144611 )
  INFO [d94ffaf7] Finished in 0.007 seconds with exit status 0 (successful).
 DEBUG [e5568ed4] Running if test ! -d /opt/deployer/apps/sins3/repo; then echo "Directory does not exist '/opt/deployer/apps/sins3/repo'" 1>&2; false; fi as deployer@vagrant
 DEBUG [e5568ed4] Command: if test ! -d /opt/deployer/apps/sins3/repo; then echo "Directory does not exist '/opt/deployer/apps/sins3/repo'" 1>&2; false; fi
 DEBUG [e5568ed4] Finished in 0.004 seconds with exit status 0 (successful).
 DEBUG [614df573] Running /usr/bin/env git rev-list --max-count=1 qa as deployer@vagrant
 DEBUG [614df573] Command: cd /opt/deployer/apps/sins3/repo && ( export GIT_ASKPASS="/bin/echo" GIT_SSH="/tmp/sins3/git-ssh.sh" ; /usr/bin/env git rev-list --max-count=1 qa )
 DEBUG [614df573] 	72f6e6e2545829b9901e83e943693a2bf35c0f61
 DEBUG [614df573] Finished in 0.006 seconds with exit status 0 (successful).
 DEBUG [9b99685c] Running if test ! -d /opt/deployer/apps/sins3/releases/20170203144611; then echo "Directory does not exist '/opt/deployer/apps/sins3/releases/20170203144611'" 1>&2; false; fi as deployer@vagrant
 DEBUG [9b99685c] Command: if test ! -d /opt/deployer/apps/sins3/releases/20170203144611; then echo "Directory does not exist '/opt/deployer/apps/sins3/releases/20170203144611'" 1>&2; false; fi
 DEBUG [9b99685c] Finished in 0.004 seconds with exit status 0 (successful).
  INFO [590daea8] Running /usr/bin/env echo "72f6e6e2545829b9901e83e943693a2bf35c0f61" >> REVISION as deployer@vagrant
 DEBUG [590daea8] Command: cd /opt/deployer/apps/sins3/releases/20170203144611 && /usr/bin/env echo "72f6e6e2545829b9901e83e943693a2bf35c0f61" >> REVISION
  INFO [590daea8] Finished in 0.005 seconds with exit status 0 (successful).
  INFO [1928718d] Running /usr/bin/env ln -s /opt/deployer/apps/sins3/releases/20170203144611 /opt/deployer/apps/sins3/releases/current as deployer@vagrant
 DEBUG [1928718d] Command: /usr/bin/env ln -s /opt/deployer/apps/sins3/releases/20170203144611 /opt/deployer/apps/sins3/releases/current
  INFO [1928718d] Finished in 0.005 seconds with exit status 0 (successful).
  INFO [9e51ba82] Running /usr/bin/env mv /opt/deployer/apps/sins3/releases/current /opt/deployer/apps/sins3 as deployer@vagrant
 DEBUG [9e51ba82] Command: /usr/bin/env mv /opt/deployer/apps/sins3/releases/current /opt/deployer/apps/sins3
  INFO [9e51ba82] Finished in 0.005 seconds with exit status 0 (successful).
 DEBUG [ff3fa733] Running /usr/bin/env ls -xtr /opt/deployer/apps/sins3/releases as deployer@vagrant
 DEBUG [ff3fa733] Command: /usr/bin/env ls -xtr /opt/deployer/apps/sins3/releases
 DEBUG [ff3fa733] 	20170203144611
 DEBUG [ff3fa733] Finished in 0.006 seconds with exit status 0 (successful).
 DEBUG [aa709aa5] Running if test ! -d /opt/deployer/apps/sins3/releases; then echo "Directory does not exist '/opt/deployer/apps/sins3/releases'" 1>&2; false; fi as deployer@vagrant
 DEBUG [aa709aa5] Command: if test ! -d /opt/deployer/apps/sins3/releases; then echo "Directory does not exist '/opt/deployer/apps/sins3/releases'" 1>&2; false; fi
 DEBUG [aa709aa5] Finished in 0.004 seconds with exit status 0 (successful).
  INFO [e5e6b758] Running /usr/bin/env echo "Branch qa (at 72f6e6e2545829b9901e83e943693a2bf35c0f61) deployed as release 20170203144611 by nicof" >> /opt/deployer/apps/sins3/revisions.log as deployer@vagrant
 DEBUG [e5e6b758] Command: cd /opt/deployer/apps/sins3/releases && /usr/bin/env echo "Branch qa (at 72f6e6e2545829b9901e83e943693a2bf35c0f61) deployed as release 20170203144611 by nicof" >> /opt/deployer/apps/sins3/revisions.log
  INFO [e5e6b758] Finished in 0.005 seconds with exit status 0 (successful).
  INFO ---------------------------------------------------------------------------
  INFO START 2017-02-03 11:52:04 -0300 cap production deploy
  INFO ---------------------------------------------------------------------------
  INFO [2cc2c54d] Running /usr/bin/env mkdir -p /tmp/sins3/ as deployer@vagrant
 DEBUG [2cc2c54d] Command: /usr/bin/env mkdir -p /tmp/sins3/
  INFO [2cc2c54d] Finished in 0.080 seconds with exit status 0 (successful).
 DEBUG Uploading /tmp/sins3/git-ssh.sh 0.0%
  INFO Uploading /tmp/sins3/git-ssh.sh 100.0%
  INFO [cd05fc8d] Running /usr/bin/env chmod +rx /tmp/sins3/git-ssh.sh as deployer@vagrant
 DEBUG [cd05fc8d] Command: /usr/bin/env chmod +rx /tmp/sins3/git-ssh.sh
  INFO [cd05fc8d] Finished in 0.005 seconds with exit status 0 (successful).
  INFO [7e807482] Running /usr/bin/env git ls-remote --heads git@github.com:nico01f/sins3.git as deployer@vagrant
 DEBUG [7e807482] Command: ( export GIT_ASKPASS="/bin/echo" GIT_SSH="/tmp/sins3/git-ssh.sh" ; /usr/bin/env git ls-remote --heads git@github.com:nico01f/sins3.git )
 DEBUG [7e807482] 	Error reading response length from authentication socket.
 DEBUG [7e807482] 	6b5aa083d039b3f7946d66bc89604bc486b65a3e	refs/heads/autoreload
6ff35d5df2e15933707cd500ebd2620e6e4ca4b9	refs/heads/change_gem_s3
e695e483d4b8c88242e4063fa29752d8db95636b	refs/heads/guard-rack
ece8d1305c7ec8afafd9ef95aea10fc39cb92f20	refs/heads/master
72f6e6e2545829b9901e83e943693a2bf35c0f61	refs/heads/qa
7299c54e0e1cfce94569a3af9f742cabc5c7f518	refs/heads/test_pr
  INFO [7e807482] Finished in 2.150 seconds with exit status 0 (successful).
  INFO [29163802] Running /usr/bin/env mkdir -p /opt/deployer/apps/sins3/shared /opt/deployer/apps/sins3/releases as deployer@vagrant
 DEBUG [29163802] Command: /usr/bin/env mkdir -p /opt/deployer/apps/sins3/shared /opt/deployer/apps/sins3/releases
  INFO [29163802] Finished in 0.009 seconds with exit status 0 (successful).
 DEBUG [8fe94ced] Running [ -f /opt/deployer/apps/sins3/current/REVISION ] as deployer@vagrant
 DEBUG [8fe94ced] Command: [ -f /opt/deployer/apps/sins3/current/REVISION ]
 DEBUG [8fe94ced] Finished in 0.005 seconds with exit status 1 (failed).
 DEBUG [7432593e] Running [ -f /opt/deployer/apps/sins3/repo/HEAD ] as deployer@vagrant
 DEBUG [7432593e] Command: [ -f /opt/deployer/apps/sins3/repo/HEAD ]
 DEBUG [7432593e] Finished in 0.005 seconds with exit status 1 (failed).
 DEBUG [fc91012f] Running if test ! -d /opt/deployer/apps/sins3; then echo "Directory does not exist '/opt/deployer/apps/sins3'" 1>&2; false; fi as deployer@vagrant
 DEBUG [fc91012f] Command: if test ! -d /opt/deployer/apps/sins3; then echo "Directory does not exist '/opt/deployer/apps/sins3'" 1>&2; false; fi
 DEBUG [fc91012f] Finished in 0.005 seconds with exit status 0 (successful).
  INFO [aa4898ec] Running /usr/bin/env git clone --mirror git@github.com:nico01f/sins3.git /opt/deployer/apps/sins3/repo as deployer@vagrant
 DEBUG [aa4898ec] Command: cd /opt/deployer/apps/sins3 && ( export GIT_ASKPASS="/bin/echo" GIT_SSH="/tmp/sins3/git-ssh.sh" ; /usr/bin/env git clone --mirror git@github.com:nico01f/sins3.git /opt/deployer/apps/sins3/repo )
 DEBUG [aa4898ec] 	Cloning into bare repository '/opt/deployer/apps/sins3/repo'...
 DEBUG [aa4898ec] 	Error reading response length from authentication socket.
  INFO [aa4898ec] Finished in 3.343 seconds with exit status 0 (successful).
 DEBUG [34df7c52] Running if test ! -d /opt/deployer/apps/sins3/repo; then echo "Directory does not exist '/opt/deployer/apps/sins3/repo'" 1>&2; false; fi as deployer@vagrant
 DEBUG [34df7c52] Command: if test ! -d /opt/deployer/apps/sins3/repo; then echo "Directory does not exist '/opt/deployer/apps/sins3/repo'" 1>&2; false; fi
 DEBUG [34df7c52] Finished in 0.006 seconds with exit status 0 (successful).
  INFO [0c154665] Running /usr/bin/env git remote update --prune as deployer@vagrant
 DEBUG [0c154665] Command: cd /opt/deployer/apps/sins3/repo && ( export GIT_ASKPASS="/bin/echo" GIT_SSH="/tmp/sins3/git-ssh.sh" ; /usr/bin/env git remote update --prune )
 DEBUG [0c154665] 	Fetching origin
 DEBUG [0c154665] 	Error reading response length from authentication socket.
  INFO [0c154665] Finished in 2.159 seconds with exit status 0 (successful).
 DEBUG [8ab0e17c] Running if test ! -d /opt/deployer/apps/sins3/repo; then echo "Directory does not exist '/opt/deployer/apps/sins3/repo'" 1>&2; false; fi as deployer@vagrant
 DEBUG [8ab0e17c] Command: if test ! -d /opt/deployer/apps/sins3/repo; then echo "Directory does not exist '/opt/deployer/apps/sins3/repo'" 1>&2; false; fi
 DEBUG [8ab0e17c] Finished in 0.005 seconds with exit status 0 (successful).
  INFO [c04f726b] Running /usr/bin/env mkdir -p /opt/deployer/apps/sins3/releases/20170203145207 as deployer@vagrant
 DEBUG [c04f726b] Command: cd /opt/deployer/apps/sins3/repo && ( export GIT_ASKPASS="/bin/echo" GIT_SSH="/tmp/sins3/git-ssh.sh" ; /usr/bin/env mkdir -p /opt/deployer/apps/sins3/releases/20170203145207 )
  INFO [c04f726b] Finished in 0.006 seconds with exit status 0 (successful).
  INFO [4ec0b4d7] Running /usr/bin/env git archive production | tar -x -f - -C /opt/deployer/apps/sins3/releases/20170203145207 as deployer@vagrant
 DEBUG [4ec0b4d7] Command: cd /opt/deployer/apps/sins3/repo && ( export GIT_ASKPASS="/bin/echo" GIT_SSH="/tmp/sins3/git-ssh.sh" ; /usr/bin/env git archive production | tar -x -f - -C /opt/deployer/apps/sins3/releases/20170203145207 )
 DEBUG [4ec0b4d7] 	fatal: Not a valid object name
 DEBUG [4ec0b4d7] 	tar: Esto no parece un archivo tar
tar: Exiting with failure status due to previous errors
  INFO ---------------------------------------------------------------------------
  INFO START 2017-02-03 12:10:41 -0300 cap production deploy
  INFO ---------------------------------------------------------------------------
  INFO [2094cce1] Running /usr/bin/env mkdir -p /tmp/sins3/ as deployer@vagrant
 DEBUG [2094cce1] Command: /usr/bin/env mkdir -p /tmp/sins3/
  INFO [2094cce1] Finished in 0.247 seconds with exit status 0 (successful).
 DEBUG Uploading /tmp/sins3/git-ssh.sh 0.0%
  INFO Uploading /tmp/sins3/git-ssh.sh 100.0%
  INFO [a9e36fb4] Running /usr/bin/env chmod +rx /tmp/sins3/git-ssh.sh as deployer@vagrant
 DEBUG [a9e36fb4] Command: /usr/bin/env chmod +rx /tmp/sins3/git-ssh.sh
  INFO [a9e36fb4] Finished in 0.005 seconds with exit status 0 (successful).
  INFO [5611d009] Running /usr/bin/env git ls-remote --heads git@github.com:nico01f/sins3.git as deployer@vagrant
 DEBUG [5611d009] Command: ( export GIT_ASKPASS="/bin/echo" GIT_SSH="/tmp/sins3/git-ssh.sh" ; /usr/bin/env git ls-remote --heads git@github.com:nico01f/sins3.git )
 DEBUG [5611d009] 	Error reading response length from authentication socket.
 DEBUG [5611d009] 	6b5aa083d039b3f7946d66bc89604bc486b65a3e	refs/heads/autoreload
6ff35d5df2e15933707cd500ebd2620e6e4ca4b9	refs/heads/change_gem_s3
e695e483d4b8c88242e4063fa29752d8db95636b	refs/heads/guard-rack
ece8d1305c7ec8afafd9ef95aea10fc39cb92f20	refs/heads/master
72f6e6e2545829b9901e83e943693a2bf35c0f61	refs/heads/qa
7299c54e0e1cfce94569a3af9f742cabc5c7f518	refs/heads/test_pr
  INFO [5611d009] Finished in 2.123 seconds with exit status 0 (successful).
  INFO [0fe96239] Running /usr/bin/env mkdir -p /opt/deployer/apps/sins3/shared /opt/deployer/apps/sins3/releases as deployer@vagrant
 DEBUG [0fe96239] Command: /usr/bin/env mkdir -p /opt/deployer/apps/sins3/shared /opt/deployer/apps/sins3/releases
  INFO [0fe96239] Finished in 0.006 seconds with exit status 0 (successful).
 DEBUG [182fb723] Running [ -f /opt/deployer/apps/sins3/current/REVISION ] as deployer@vagrant
 DEBUG [182fb723] Command: [ -f /opt/deployer/apps/sins3/current/REVISION ]
 DEBUG [182fb723] Finished in 0.008 seconds with exit status 1 (failed).
 DEBUG [bf07d4cc] Running [ -f /opt/deployer/apps/sins3/repo/HEAD ] as deployer@vagrant
 DEBUG [bf07d4cc] Command: [ -f /opt/deployer/apps/sins3/repo/HEAD ]
 DEBUG [bf07d4cc] Finished in 0.004 seconds with exit status 0 (successful).
  INFO The repository mirror is at /opt/deployer/apps/sins3/repo
 DEBUG [163093ef] Running if test ! -d /opt/deployer/apps/sins3/repo; then echo "Directory does not exist '/opt/deployer/apps/sins3/repo'" 1>&2; false; fi as deployer@vagrant
 DEBUG [163093ef] Command: if test ! -d /opt/deployer/apps/sins3/repo; then echo "Directory does not exist '/opt/deployer/apps/sins3/repo'" 1>&2; false; fi
 DEBUG [163093ef] Finished in 0.004 seconds with exit status 0 (successful).
  INFO [e4dd9069] Running /usr/bin/env git remote update --prune as deployer@vagrant
 DEBUG [e4dd9069] Command: cd /opt/deployer/apps/sins3/repo && ( export GIT_ASKPASS="/bin/echo" GIT_SSH="/tmp/sins3/git-ssh.sh" ; /usr/bin/env git remote update --prune )
 DEBUG [e4dd9069] 	Fetching origin
 DEBUG [e4dd9069] 	Error reading response length from authentication socket.
  INFO [e4dd9069] Finished in 2.042 seconds with exit status 0 (successful).
 DEBUG [8e6a870c] Running if test ! -d /opt/deployer/apps/sins3/repo; then echo "Directory does not exist '/opt/deployer/apps/sins3/repo'" 1>&2; false; fi as deployer@vagrant
 DEBUG [8e6a870c] Command: if test ! -d /opt/deployer/apps/sins3/repo; then echo "Directory does not exist '/opt/deployer/apps/sins3/repo'" 1>&2; false; fi
 DEBUG [8e6a870c] Finished in 0.004 seconds with exit status 0 (successful).
  INFO [441b4922] Running /usr/bin/env mkdir -p /opt/deployer/apps/sins3/releases/20170203151044 as deployer@vagrant
 DEBUG [441b4922] Command: cd /opt/deployer/apps/sins3/repo && ( export GIT_ASKPASS="/bin/echo" GIT_SSH="/tmp/sins3/git-ssh.sh" ; /usr/bin/env mkdir -p /opt/deployer/apps/sins3/releases/20170203151044 )
  INFO [441b4922] Finished in 0.005 seconds with exit status 0 (successful).
  INFO [d58c58b8] Running /usr/bin/env git archive production | tar -x -f - -C /opt/deployer/apps/sins3/releases/20170203151044 as deployer@vagrant
 DEBUG [d58c58b8] Command: cd /opt/deployer/apps/sins3/repo && ( export GIT_ASKPASS="/bin/echo" GIT_SSH="/tmp/sins3/git-ssh.sh" ; /usr/bin/env git archive production | tar -x -f - -C /opt/deployer/apps/sins3/releases/20170203151044 )
 DEBUG [d58c58b8] 	fatal: Not a valid object name
 DEBUG [d58c58b8] 	tar: Esto no parece un archivo tar
tar: Exiting with failure status due to previous errors
  INFO ---------------------------------------------------------------------------
  INFO START 2017-02-03 12:12:36 -0300 cap production deploy
  INFO ---------------------------------------------------------------------------
  INFO [f3f70165] Running /usr/bin/env mkdir -p /tmp/sins3/ as deployer@vagrant
 DEBUG [f3f70165] Command: /usr/bin/env mkdir -p /tmp/sins3/
  INFO [f3f70165] Finished in 0.152 seconds with exit status 0 (successful).
 DEBUG Uploading /tmp/sins3/git-ssh.sh 0.0%
  INFO Uploading /tmp/sins3/git-ssh.sh 100.0%
  INFO [011d1189] Running /usr/bin/env chmod +rx /tmp/sins3/git-ssh.sh as deployer@vagrant
 DEBUG [011d1189] Command: /usr/bin/env chmod +rx /tmp/sins3/git-ssh.sh
  INFO [011d1189] Finished in 0.006 seconds with exit status 0 (successful).
  INFO [8a1803ff] Running /usr/bin/env git ls-remote --heads git@github.com:nico01f/sins3.git as deployer@vagrant
 DEBUG [8a1803ff] Command: ( export GIT_ASKPASS="/bin/echo" GIT_SSH="/tmp/sins3/git-ssh.sh" ; /usr/bin/env git ls-remote --heads git@github.com:nico01f/sins3.git )
 DEBUG [8a1803ff] 	6b5aa083d039b3f7946d66bc89604bc486b65a3e	refs/heads/autoreload
6ff35d5df2e15933707cd500ebd2620e6e4ca4b9	refs/heads/change_gem_s3
e695e483d4b8c88242e4063fa29752d8db95636b	refs/heads/guard-rack
ece8d1305c7ec8afafd9ef95aea10fc39cb92f20	refs/heads/master
72f6e6e2545829b9901e83e943693a2bf35c0f61	refs/heads/qa
7299c54e0e1cfce94569a3af9f742cabc5c7f518	refs/heads/test_pr
  INFO [8a1803ff] Finished in 2.190 seconds with exit status 0 (successful).
  INFO [64fc3c15] Running /usr/bin/env mkdir -p /opt/deployer/apps/sins3/shared /opt/deployer/apps/sins3/releases as deployer@vagrant
 DEBUG [64fc3c15] Command: /usr/bin/env mkdir -p /opt/deployer/apps/sins3/shared /opt/deployer/apps/sins3/releases
  INFO [64fc3c15] Finished in 0.006 seconds with exit status 0 (successful).
 DEBUG [3bf0d7c6] Running [ -f /opt/deployer/apps/sins3/current/REVISION ] as deployer@vagrant
 DEBUG [3bf0d7c6] Command: [ -f /opt/deployer/apps/sins3/current/REVISION ]
 DEBUG [3bf0d7c6] Finished in 0.005 seconds with exit status 1 (failed).
 DEBUG [c4d6611a] Running [ -f /opt/deployer/apps/sins3/repo/HEAD ] as deployer@vagrant
 DEBUG [c4d6611a] Command: [ -f /opt/deployer/apps/sins3/repo/HEAD ]
 DEBUG [c4d6611a] Finished in 0.005 seconds with exit status 0 (successful).
  INFO The repository mirror is at /opt/deployer/apps/sins3/repo
 DEBUG [9ef6ae98] Running if test ! -d /opt/deployer/apps/sins3/repo; then echo "Directory does not exist '/opt/deployer/apps/sins3/repo'" 1>&2; false; fi as deployer@vagrant
 DEBUG [9ef6ae98] Command: if test ! -d /opt/deployer/apps/sins3/repo; then echo "Directory does not exist '/opt/deployer/apps/sins3/repo'" 1>&2; false; fi
 DEBUG [9ef6ae98] Finished in 0.005 seconds with exit status 0 (successful).
  INFO [c7dc1ee7] Running /usr/bin/env git remote update --prune as deployer@vagrant
 DEBUG [c7dc1ee7] Command: cd /opt/deployer/apps/sins3/repo && ( export GIT_ASKPASS="/bin/echo" GIT_SSH="/tmp/sins3/git-ssh.sh" ; /usr/bin/env git remote update --prune )
 DEBUG [c7dc1ee7] 	Fetching origin
  INFO [c7dc1ee7] Finished in 2.096 seconds with exit status 0 (successful).
 DEBUG [c48aa3e0] Running if test ! -d /opt/deployer/apps/sins3/repo; then echo "Directory does not exist '/opt/deployer/apps/sins3/repo'" 1>&2; false; fi as deployer@vagrant
 DEBUG [c48aa3e0] Command: if test ! -d /opt/deployer/apps/sins3/repo; then echo "Directory does not exist '/opt/deployer/apps/sins3/repo'" 1>&2; false; fi
 DEBUG [c48aa3e0] Finished in 0.005 seconds with exit status 0 (successful).
  INFO [b7977091] Running /usr/bin/env mkdir -p /opt/deployer/apps/sins3/releases/20170203151239 as deployer@vagrant
 DEBUG [b7977091] Command: cd /opt/deployer/apps/sins3/repo && ( export GIT_ASKPASS="/bin/echo" GIT_SSH="/tmp/sins3/git-ssh.sh" ; /usr/bin/env mkdir -p /opt/deployer/apps/sins3/releases/20170203151239 )
  INFO [b7977091] Finished in 0.011 seconds with exit status 0 (successful).
  INFO [d1525fad] Running /usr/bin/env git archive production | tar -x -f - -C /opt/deployer/apps/sins3/releases/20170203151239 as deployer@vagrant
 DEBUG [d1525fad] Command: cd /opt/deployer/apps/sins3/repo && ( export GIT_ASKPASS="/bin/echo" GIT_SSH="/tmp/sins3/git-ssh.sh" ; /usr/bin/env git archive production | tar -x -f - -C /opt/deployer/apps/sins3/releases/20170203151239 )
 DEBUG [d1525fad] 	fatal: Not a valid object name
 DEBUG [d1525fad] 	tar: Esto no parece un archivo tar
tar: Exiting with failure status due to previous errors
